<?xml version="1.0" encoding="UTF-8"?>
<!-- Generated by org.testng.reporters.JUnitXMLReporter -->
<testsuite ignored="2" hostname="DESKTOP-66HA3VL" failures="0" tests="3" name="Test" time="0.063" errors="0" timestamp="2023-08-08T12:24:54 IST">
  <testcase classname="practiceTestNG.TestNGTest1" name="test2" time="0.006"/>
  <testcase classname="practiceTestNG.TestNGTest1" name="test2" time="0.001"/>
  <testcase classname="practiceTestNG.TestNGTest1" name="test4" time="0.001"/>
  <testcase classname="practiceTestNG.TestNGTest1" name="test3" time="0.0">
    <ignored/>
  </testcase> <!-- test3 -->
  <testcase classname="practiceTestNG.TestNGTest1" name="test1" time="0.0">
    <ignored/>
  </testcase> <!-- test1 -->
</testsuite> <!-- Test -->
